<?xml version="1.0" encoding="UTF-8"?>
<testng-results ignored="0" total="1" passed="1" failed="0" skipped="0">
  <reporter-output>
  </reporter-output>
  <suite started-at="2019-04-04T03:50:26Z" name="Default suite" finished-at="2019-04-04T03:50:49Z" duration-ms="23218">
    <groups>
    </groups>
    <test started-at="2019-04-04T03:50:26Z" name="Default test" finished-at="2019-04-04T03:50:49Z" duration-ms="23218">
      <class name="Employee.ExportEmployees">
        <test-method signature="ExportAllEmployees()[pri:0, instance:Employee.ExportEmployees@38102d01]" started-at="2019-04-04T03:50:26Z" name="ExportAllEmployees" finished-at="2019-04-04T03:50:49Z" duration-ms="23192" status="PASS">
          <reporter-output>
          </reporter-output>
        </test-method> <!-- ExportAllEmployees -->
      </class> <!-- Employee.ExportEmployees -->
    </test> <!-- Default test -->
  </suite> <!-- Default suite -->
</testng-results>
